22:05:55.048 [main] DEBUG com.intuit.karate.Suite - [config] classpath:karate-config.js
22:05:55.661 [pool-1-thread-1] INFO  com.intuit.karate - karate.env system property was: null 
22:05:55.661 [pool-1-thread-2] INFO  com.intuit.karate - karate.env system property was: null 
22:05:55.876 [pool-1-thread-1] DEBUG com.intuit.karate - request:
1 > GET https://jsonplaceholder.typicode.com/users
1 > Host: jsonplaceholder.typicode.com
1 > Connection: Keep-Alive
1 > User-Agent: Apache-HttpClient/4.5.13 (Java/17.0.1)
1 > Accept-Encoding: gzip,deflate


22:05:55.877 [pool-1-thread-2] DEBUG com.intuit.karate - request:
1 > POST https://jsonplaceholder.typicode.com/users
1 > Content-Type: application/json; charset=UTF-8
1 > Content-Length: 160
1 > Host: jsonplaceholder.typicode.com
1 > Connection: Keep-Alive
1 > User-Agent: Apache-HttpClient/4.5.13 (Java/17.0.1)
1 > Accept-Encoding: gzip,deflate
{"name":"Test User","username":"testuser","email":"test@user.com","address":{"street":"Has No Name","suite":"Apt. 123","city":"Electri","zipcode":"54321-6789"}}

22:05:56.210 [pool-1-thread-1] DEBUG com.intuit.karate - response time in milliseconds: 333
1 < 200
1 < Date: Mon, 08 Nov 2021 15:05:55 GMT
1 < Content-Type: application/json; charset=utf-8
1 < Transfer-Encoding: chunked
1 < Connection: keep-alive
1 < x-powered-by: Express
1 < x-ratelimit-limit: 1000
1 < x-ratelimit-remaining: 999
1 < x-ratelimit-reset: 1635209910
1 < vary: Origin, Accept-Encoding
1 < access-control-allow-credentials: true
1 < cache-control: max-age=43200
1 < pragma: no-cache
1 < expires: -1
1 < x-content-type-options: nosniff
1 < etag: W/"160d-1eMSsxeJRfnVLRBmYJSbCiJZ1qQ"
1 < via: 1.1 vegur
1 < CF-Cache-Status: HIT
1 < Age: 21925
1 < Expect-CT: max-age=604800, report-uri="https://report-uri.cloudflare.com/cdn-cgi/beacon/expect-ct"
1 < Report-To: {"endpoints":[{"url":"https:\/\/a.nel.cloudflare.com\/report\/v3?s=tK1U%2FwKMbk5hu78Aig%2Bhp0LYhLOyABXbp2K8q5wmva%2FznW36kW2MN136EzqYoc%2FkqbIYUPl50HbIyFr%2BmfR12MyEeZ7bd6ZizBu3MR8dj%2Fy8TnNaL0Cy9XUwOOwsMWQNpV35aB%2FDuHJIURM%2BqA8E"}],"group":"cf-nel","max_age":604800}
1 < NEL: {"success_fraction":0,"report_to":"cf-nel","max_age":604800}
1 < Server: cloudflare
1 < CF-RAY: 6aafb3caaf321900-SIN
1 < alt-svc: h3=":443"; ma=86400, h3-29=":443"; ma=86400, h3-28=":443"; ma=86400, h3-27=":443"; ma=86400
[
  {
    "id": 1,
    "name": "Leanne Graham",
    "username": "Bret",
    "email": "Sincere@april.biz",
    "address": {
      "street": "Kulas Light",
      "suite": "Apt. 556",
      "city": "Gwenborough",
      "zipcode": "92998-3874",
      "geo": {
        "lat": "-37.3159",
        "lng": "81.1496"
      }
    },
    "phone": "1-770-736-8031 x56442",
    "website": "hildegard.org",
    "company": {
      "name": "Romaguera-Crona",
      "catchPhrase": "Multi-layered client-server neural-net",
      "bs": "harness real-time e-markets"
    }
  },
  {
    "id": 2,
    "name": "Ervin Howell",
    "username": "Antonette",
    "email": "Shanna@melissa.tv",
    "address": {
      "street": "Victor Plains",
      "suite": "Suite 879",
      "city": "Wisokyburgh",
      "zipcode": "90566-7771",
      "geo": {
        "lat": "-43.9509",
        "lng": "-34.4618"
      }
    },
    "phone": "010-692-6593 x09125",
    "website": "anastasia.net",
    "company": {
      "name": "Deckow-Crist",
      "catchPhrase": "Proactive didactic contingency",
      "bs": "synergize scalable supply-chains"
    }
  },
  {
    "id": 3,
    "name": "Clementine Bauch",
    "username": "Samantha",
    "email": "Nathan@yesenia.net",
    "address": {
      "street": "Douglas Extension",
      "suite": "Suite 847",
      "city": "McKenziehaven",
      "zipcode": "59590-4157",
      "geo": {
        "lat": "-68.6102",
        "lng": "-47.0653"
      }
    },
    "phone": "1-463-123-4447",
    "website": "ramiro.info",
    "company": {
      "name": "Romaguera-Jacobson",
      "catchPhrase": "Face to face bifurcated interface",
      "bs": "e-enable strategic applications"
    }
  },
  {
    "id": 4,
    "name": "Patricia Lebsack",
    "username": "Karianne",
    "email": "Julianne.OConner@kory.org",
    "address": {
      "street": "Hoeger Mall",
      "suite": "Apt. 692",
      "city": "South Elvis",
      "zipcode": "53919-4257",
      "geo": {
        "lat": "29.4572",
        "lng": "-164.2990"
      }
    },
    "phone": "493-170-9623 x156",
    "website": "kale.biz",
    "company": {
      "name": "Robel-Corkery",
      "catchPhrase": "Multi-tiered zero tolerance productivity",
      "bs": "transition cutting-edge web services"
    }
  },
  {
    "id": 5,
    "name": "Chelsey Dietrich",
    "username": "Kamren",
    "email": "Lucio_Hettinger@annie.ca",
    "address": {
      "street": "Skiles Walks",
      "suite": "Suite 351",
      "city": "Roscoeview",
      "zipcode": "33263",
      "geo": {
        "lat": "-31.8129",
        "lng": "62.5342"
      }
    },
    "phone": "(254)954-1289",
    "website": "demarco.info",
    "company": {
      "name": "Keebler LLC",
      "catchPhrase": "User-centric fault-tolerant solution",
      "bs": "revolutionize end-to-end systems"
    }
  },
  {
    "id": 6,
    "name": "Mrs. Dennis Schulist",
    "username": "Leopoldo_Corkery",
    "email": "Karley_Dach@jasper.info",
    "address": {
      "street": "Norberto Crossing",
      "suite": "Apt. 950",
      "city": "South Christy",
      "zipcode": "23505-1337",
      "geo": {
        "lat": "-71.4197",
        "lng": "71.7478"
      }
    },
    "phone": "1-477-935-8478 x6430",
    "website": "ola.org",
    "company": {
      "name": "Considine-Lockman",
      "catchPhrase": "Synchronised bottom-line interface",
      "bs": "e-enable innovative applications"
    }
  },
  {
    "id": 7,
    "name": "Kurtis Weissnat",
    "username": "Elwyn.Skiles",
    "email": "Telly.Hoeger@billy.biz",
    "address": {
      "street": "Rex Trail",
      "suite": "Suite 280",
      "city": "Howemouth",
      "zipcode": "58804-1099",
      "geo": {
        "lat": "24.8918",
        "lng": "21.8984"
      }
    },
    "phone": "210.067.6132",
    "website": "elvis.io",
    "company": {
      "name": "Johns Group",
      "catchPhrase": "Configurable multimedia task-force",
      "bs": "generate enterprise e-tailers"
    }
  },
  {
    "id": 8,
    "name": "Nicholas Runolfsdottir V",
    "username": "Maxime_Nienow",
    "email": "Sherwood@rosamond.me",
    "address": {
      "street": "Ellsworth Summit",
      "suite": "Suite 729",
      "city": "Aliyaview",
      "zipcode": "45169",
      "geo": {
        "lat": "-14.3990",
        "lng": "-120.7677"
      }
    },
    "phone": "586.493.6943 x140",
    "website": "jacynthe.com",
    "company": {
      "name": "Abernathy Group",
      "catchPhrase": "Implemented secondary concept",
      "bs": "e-enable extensible e-tailers"
    }
  },
  {
    "id": 9,
    "name": "Glenna Reichert",
    "username": "Delphine",
    "email": "Chaim_McDermott@dana.io",
    "address": {
      "street": "Dayna Park",
      "suite": "Suite 449",
      "city": "Bartholomebury",
      "zipcode": "76495-3109",
      "geo": {
        "lat": "24.6463",
        "lng": "-168.8889"
      }
    },
    "phone": "(775)976-6794 x41206",
    "website": "conrad.com",
    "company": {
      "name": "Yost and Sons",
      "catchPhrase": "Switchable contextually-based project",
      "bs": "aggregate real-time technologies"
    }
  },
  {
    "id": 10,
    "name": "Clementina DuBuque",
    "username": "Moriah.Stanton",
    "email": "Rey.Padberg@karina.biz",
    "address": {
      "street": "Kattie Turnpike",
      "suite": "Suite 198",
      "city": "Lebsackbury",
      "zipcode": "31428-2261",
      "geo": {
        "lat": "-38.2386",
        "lng": "57.2232"
      }
    },
    "phone": "024-648-3804",
    "website": "ambrose.net",
    "company": {
      "name": "Hoeger LLC",
      "catchPhrase": "Centralized empowering task-force",
      "bs": "target end-to-end models"
    }
  }
]
22:05:56.224 [pool-1-thread-1] DEBUG com.intuit.karate - request:
2 > GET https://jsonplaceholder.typicode.com/users/1
2 > Host: jsonplaceholder.typicode.com
2 > Connection: Keep-Alive
2 > User-Agent: Apache-HttpClient/4.5.13 (Java/17.0.1)
2 > Accept-Encoding: gzip,deflate


22:05:56.352 [pool-1-thread-1] DEBUG com.intuit.karate - response time in milliseconds: 127
2 < 200
2 < Date: Mon, 08 Nov 2021 15:05:55 GMT
2 < Content-Type: application/json; charset=utf-8
2 < Transfer-Encoding: chunked
2 < Connection: keep-alive
2 < x-powered-by: Express
2 < x-ratelimit-limit: 1000
2 < x-ratelimit-remaining: 999
2 < x-ratelimit-reset: 1633830173
2 < vary: Origin, Accept-Encoding
2 < access-control-allow-credentials: true
2 < cache-control: max-age=43200
2 < pragma: no-cache
2 < expires: -1
2 < x-content-type-options: nosniff
2 < etag: W/"1fd-+2Y3G3w049iSZtw5t1mzSnunngE"
2 < via: 1.1 vegur
2 < CF-Cache-Status: HIT
2 < Age: 24592
2 < Expect-CT: max-age=604800, report-uri="https://report-uri.cloudflare.com/cdn-cgi/beacon/expect-ct"
2 < Report-To: {"endpoints":[{"url":"https:\/\/a.nel.cloudflare.com\/report\/v3?s=Mvcf4K4%2BSXXIPr4csjdk0sQ0a3fqOOxB868W9qfhtTH0xjxaSdkQUtC9AuCFFWM%2BXTAFqkiUDRSX1AiGAO%2F2b%2BOOtI7f13w5qC%2BTAcXdkQ%2BVV4Nwf0hdeVtKlZjQ4oIZk3pydifJAEo7OV5fSIYL"}],"group":"cf-nel","max_age":604800}
2 < NEL: {"success_fraction":0,"report_to":"cf-nel","max_age":604800}
2 < Server: cloudflare
2 < CF-RAY: 6aafb3cb9a814bf2-SIN
2 < alt-svc: h3=":443"; ma=86400, h3-29=":443"; ma=86400, h3-28=":443"; ma=86400, h3-27=":443"; ma=86400
{
  "id": 1,
  "name": "Leanne Graham",
  "username": "Bret",
  "email": "Sincere@april.biz",
  "address": {
    "street": "Kulas Light",
    "suite": "Apt. 556",
    "city": "Gwenborough",
    "zipcode": "92998-3874",
    "geo": {
      "lat": "-37.3159",
      "lng": "81.1496"
    }
  },
  "phone": "1-770-736-8031 x56442",
  "website": "hildegard.org",
  "company": {
    "name": "Romaguera-Crona",
    "catchPhrase": "Multi-layered client-server neural-net",
    "bs": "harness real-time e-markets"
  }
}
22:05:56.655 [pool-1-thread-2] DEBUG com.intuit.karate - response time in milliseconds: 778
1 < 201
1 < Date: Mon, 08 Nov 2021 15:05:56 GMT
1 < Content-Type: application/json; charset=utf-8
1 < Content-Length: 216
1 < Connection: keep-alive
1 < x-powered-by: Express
1 < x-ratelimit-limit: 1000
1 < x-ratelimit-remaining: 999
1 < x-ratelimit-reset: 1636383981
1 < vary: Origin, X-HTTP-Method-Override, Accept-Encoding
1 < access-control-allow-credentials: true
1 < cache-control: no-cache
1 < pragma: no-cache
1 < expires: -1
1 < access-control-expose-headers: Location
1 < location: http://jsonplaceholder.typicode.com/users/11
1 < x-content-type-options: nosniff
1 < etag: W/"d8-pYV7+YuMGP2hxHPU9ARrf97ifDA"
1 < via: 1.1 vegur
1 < CF-Cache-Status: DYNAMIC
1 < Expect-CT: max-age=604800, report-uri="https://report-uri.cloudflare.com/cdn-cgi/beacon/expect-ct"
1 < Report-To: {"endpoints":[{"url":"https:\/\/a.nel.cloudflare.com\/report\/v3?s=xGSVwY%2FFUDDbImNyid86DLd05uKt6jvAFxmyDocWDOlThXfEjxmSLoUYnShBhW0Qnta6%2Fi29MfxaVixGz6qhTz3Hj7j53wFRN2Jejl56oa%2BD2u6npjcWh4JCUutz7ZPRnBoEWx2T%2BZJ6eXLEatYF"}],"group":"cf-nel","max_age":604800}
1 < NEL: {"success_fraction":0,"report_to":"cf-nel","max_age":604800}
1 < Server: cloudflare
1 < CF-RAY: 6aafb3caaf8b45f5-SIN
1 < alt-svc: h3=":443"; ma=86400, h3-29=":443"; ma=86400, h3-28=":443"; ma=86400, h3-27=":443"; ma=86400
{
  "name": "Test User",
  "username": "testuser",
  "email": "test@user.com",
  "address": {
    "street": "Has No Name",
    "suite": "Apt. 123",
    "city": "Electri",
    "zipcode": "54321-6789"
  },
  "id": 11
}
22:05:56.658 [pool-1-thread-2] INFO  com.intuit.karate - [print] created id is:  11 
22:05:57.030 [pool-2-thread-1] INFO  com.intuit.karate.Suite - <<pass>> feature 1 of 1 (0 remaining) classpath:examples/users/users.feature
22:47:29.061 [main] DEBUG com.intuit.karate.Suite - [config] classpath:karate-config.js
22:47:29.064 [main] INFO  com.intuit.karate.Suite - backed up existing 'target\karate-reports' dir to: target\karate-reports_1636386449064
22:47:29.699 [pool-1-thread-2] INFO  com.intuit.karate - karate.env system property was: null 
22:47:29.699 [pool-1-thread-1] INFO  com.intuit.karate - karate.env system property was: null 
22:47:29.699 [pool-1-thread-3] INFO  com.intuit.karate - karate.env system property was: null 
22:47:29.699 [pool-1-thread-4] INFO  com.intuit.karate - karate.env system property was: null 
22:47:29.894 [pool-1-thread-3] DEBUG com.intuit.karate - request:
1 > GET http://localhost:6969/profile/v1/user/getdata
1 > Host: localhost:6969
1 > Connection: Keep-Alive
1 > User-Agent: Apache-HttpClient/4.5.13 (Java/17.0.1)
1 > Accept-Encoding: gzip,deflate


22:47:29.895 [pool-1-thread-4] DEBUG com.intuit.karate - request:
1 > PUT http://localhost:6969/profile/v1/user/createUser
1 > Content-Type: application/json; charset=UTF-8
1 > Content-Length: 124
1 > Host: localhost:6969
1 > Connection: Keep-Alive
1 > User-Agent: Apache-HttpClient/4.5.13 (Java/17.0.1)
1 > Accept-Encoding: gzip,deflate
{"userId":1,"new_firstName":"Anunyod","new_lastName":"Kiattiyodpakdee","new_nickName":"Aong","new_phoneNumber":"0894561231"}

22:47:29.895 [pool-1-thread-1] DEBUG com.intuit.karate - request:
1 > POST http://localhost:6969/profile/v1/user/createdata
1 > Content-Type: application/json; charset=UTF-8
1 > Content-Length: 97
1 > Host: localhost:6969
1 > Connection: Keep-Alive
1 > User-Agent: Apache-HttpClient/4.5.13 (Java/17.0.1)
1 > Accept-Encoding: gzip,deflate
{"firstName":"Anunyod","lastName":"Kiattiyodpakdee","nickName":"Aong","phoneNumber":"0894561231"}

22:47:29.895 [pool-1-thread-2] DEBUG com.intuit.karate - request:
1 > DELETE http://localhost:6969/profile/v1/user/deleteuser
1 > Content-Type: application/json; charset=UTF-8
1 > Content-Length: 12
1 > Host: localhost:6969
1 > Connection: Keep-Alive
1 > User-Agent: Apache-HttpClient/4.5.13 (Java/17.0.1)
1 > Accept-Encoding: gzip,deflate
{"userId":1}

22:47:29.916 [pool-1-thread-4] ERROR com.intuit.karate - karate.org.apache.http.conn.HttpHostConnectException: Connect to localhost:6969 [localhost/127.0.0.1, localhost/0:0:0:0:0:0:0:1] failed: Connection refused: no further information, http call failed after 132 milliseconds for url: http://localhost:6969/profile/v1/user/createUser
22:47:29.916 [pool-1-thread-1] ERROR com.intuit.karate - karate.org.apache.http.conn.HttpHostConnectException: Connect to localhost:6969 [localhost/127.0.0.1, localhost/0:0:0:0:0:0:0:1] failed: Connection refused: no further information, http call failed after 132 milliseconds for url: http://localhost:6969/profile/v1/user/createdata
22:47:29.916 [pool-1-thread-3] ERROR com.intuit.karate - karate.org.apache.http.conn.HttpHostConnectException: Connect to localhost:6969 [localhost/127.0.0.1, localhost/0:0:0:0:0:0:0:1] failed: Connection refused: no further information, http call failed after 186 milliseconds for url: http://localhost:6969/profile/v1/user/getdata
22:47:29.916 [pool-1-thread-2] ERROR com.intuit.karate - karate.org.apache.http.conn.HttpHostConnectException: Connect to localhost:6969 [localhost/127.0.0.1, localhost/0:0:0:0:0:0:0:1] failed: Connection refused: no further information, http call failed after 132 milliseconds for url: http://localhost:6969/profile/v1/user/deleteuser
22:47:29.916 [pool-1-thread-4] ERROR com.intuit.karate - classpath:examples/users/users.feature:40
When method PUT
http call failed after 132 milliseconds for url: http://localhost:6969/profile/v1/user/createUser
classpath:examples/users/users.feature:40
22:47:29.916 [pool-1-thread-3] ERROR com.intuit.karate - classpath:examples/users/users.feature:27
When method GET
http call failed after 186 milliseconds for url: http://localhost:6969/profile/v1/user/getdata
classpath:examples/users/users.feature:27
22:47:29.916 [pool-1-thread-2] ERROR com.intuit.karate - classpath:examples/users/users.feature:19
When method DELETE
http call failed after 132 milliseconds for url: http://localhost:6969/profile/v1/user/deleteuser
classpath:examples/users/users.feature:19
22:47:29.916 [pool-1-thread-1] ERROR com.intuit.karate - classpath:examples/users/users.feature:10
When method post
http call failed after 132 milliseconds for url: http://localhost:6969/profile/v1/user/createdata
classpath:examples/users/users.feature:10
22:47:30.327 [pool-2-thread-1] INFO  com.intuit.karate.Suite - <<fail>> feature 1 of 1 (0 remaining) classpath:examples/users/users.feature
22:49:00.585 [main] DEBUG com.intuit.karate.Suite - [config] classpath:karate-config.js
22:49:00.589 [main] INFO  com.intuit.karate.Suite - backed up existing 'target\karate-reports' dir to: target\karate-reports_1636386540588
22:49:01.249 [pool-1-thread-4] INFO  com.intuit.karate - karate.env system property was: null 
22:49:01.249 [pool-1-thread-2] INFO  com.intuit.karate - karate.env system property was: null 
22:49:01.249 [pool-1-thread-3] INFO  com.intuit.karate - karate.env system property was: null 
22:49:01.249 [pool-1-thread-1] INFO  com.intuit.karate - karate.env system property was: null 
22:49:01.462 [pool-1-thread-3] DEBUG com.intuit.karate - request:
1 > GET http://localhost:6969/profile/v1/user/getdata
1 > Host: localhost:6969
1 > Connection: Keep-Alive
1 > User-Agent: Apache-HttpClient/4.5.13 (Java/17.0.1)
1 > Accept-Encoding: gzip,deflate


22:49:01.463 [pool-1-thread-2] DEBUG com.intuit.karate - request:
1 > DELETE http://localhost:6969/profile/v1/user/deleteuser
1 > Content-Type: application/json; charset=UTF-8
1 > Content-Length: 12
1 > Host: localhost:6969
1 > Connection: Keep-Alive
1 > User-Agent: Apache-HttpClient/4.5.13 (Java/17.0.1)
1 > Accept-Encoding: gzip,deflate
{"userId":1}

22:49:01.463 [pool-1-thread-4] DEBUG com.intuit.karate - request:
1 > PUT http://localhost:6969/profile/v1/user/createUser
1 > Content-Type: application/json; charset=UTF-8
1 > Content-Length: 124
1 > Host: localhost:6969
1 > Connection: Keep-Alive
1 > User-Agent: Apache-HttpClient/4.5.13 (Java/17.0.1)
1 > Accept-Encoding: gzip,deflate
{"userId":1,"new_firstName":"Anunyod","new_lastName":"Kiattiyodpakdee","new_nickName":"Aong","new_phoneNumber":"0894561231"}

22:49:01.463 [pool-1-thread-1] DEBUG com.intuit.karate - request:
1 > POST http://localhost:6969/profile/v1/user/createdata
1 > Content-Type: application/json; charset=UTF-8
1 > Content-Length: 97
1 > Host: localhost:6969
1 > Connection: Keep-Alive
1 > User-Agent: Apache-HttpClient/4.5.13 (Java/17.0.1)
1 > Accept-Encoding: gzip,deflate
{"firstName":"Anunyod","lastName":"Kiattiyodpakdee","nickName":"Aong","phoneNumber":"0894561231"}

22:49:01.490 [pool-1-thread-2] DEBUG com.intuit.karate - response time in milliseconds: 25
1 < 201
1 < Content-Type: application/json
1 < Connection: close
1 < Date: Mon, 08 Nov 2021 15:49:01 GMT
1 < Transfer-Encoding: chunked
{
    "message": "delete success"
}
22:49:01.490 [pool-1-thread-3] DEBUG com.intuit.karate - response time in milliseconds: 26
1 < 200
1 < Content-Type: application/json
1 < Connection: close
1 < Date: Mon, 08 Nov 2021 15:49:01 GMT
1 < Transfer-Encoding: chunked
{
    "userId": 1,
    "firstName": "Anunyod",
    "lastName": "Kiattiyodpakdee",
    "nickName": "Aong",
    "phoneNumber": "0894561231"
}
22:49:01.498 [pool-1-thread-3] ERROR com.intuit.karate - classpath:examples/users/users.feature:29
And match $ == {userId:'#string',firstName:'#string,lastName:'#string,nickName:'#string,phoneNumber:'#string}
net.minidev.json.parser.ParseException: Unexpected token # at position 46.
classpath:examples/users/users.feature:29
22:49:01.527 [pool-1-thread-1] DEBUG com.intuit.karate - response time in milliseconds: 61
1 < 201
1 < Content-Type: application/json
1 < Connection: close
1 < Date: Mon, 08 Nov 2021 15:49:01 GMT
1 < Transfer-Encoding: chunked
{
    "message": "success"
}
22:49:01.645 [pool-1-thread-4] DEBUG com.intuit.karate - response time in milliseconds: 182
1 < 404
1 < Content-Type: text/html; charset=UTF-8
1 < Referrer-Policy: no-referrer
1 < Content-Length: 1587
1 < Date: Mon, 08 Nov 2021 15:49:01 GMT
1 < Alt-Svc: h3=":443"; ma=2592000,h3-29=":443"; ma=2592000,h3-Q050=":443"; ma=2592000,h3-Q046=":443"; ma=2592000,h3-Q043=":443"; ma=2592000,quic=":443"; ma=2592000; v="46,43"
1 < Connection: close
<!DOCTYPE html>
<html lang=en>
  <meta charset=utf-8>
  <meta name=viewport content="initial-scale=1, minimum-scale=1, width=device-width">
  <title>Error 404 (Not Found)!!1</title>
  <style>
    *{margin:0;padding:0}html,code{font:15px/22px arial,sans-serif}html{background:#fff;color:#222;padding:15px}body{margin:7% auto 0;max-width:390px;min-height:180px;padding:30px 0 15px}* > body{background:url(//www.google.com/images/errors/robot.png) 100% 5px no-repeat;padding-right:205px}p{margin:11px 0 22px;overflow:hidden}ins{color:#777;text-decoration:none}a img{border:0}@media screen and (max-width:772px){body{background:none;margin-top:0;max-width:none;padding-right:0}}#logo{background:url(//www.google.com/images/branding/googlelogo/1x/googlelogo_color_150x54dp.png) no-repeat;margin-left:-5px}@media only screen and (min-resolution:192dpi){#logo{background:url(//www.google.com/images/branding/googlelogo/2x/googlelogo_color_150x54dp.png) no-repeat 0% 0%/100% 100%;-moz-border-image:url(//www.google.com/images/branding/googlelogo/2x/googlelogo_color_150x54dp.png) 0}}@media only screen and (-webkit-min-device-pixel-ratio:2){#logo{background:url(//www.google.com/images/branding/googlelogo/2x/googlelogo_color_150x54dp.png) no-repeat;-webkit-background-size:100% 100%}}#logo{display:inline-block;height:54px;width:150px}
  </style>
  <a href=//www.google.com/><span id=logo aria-label=Google></span></a>
  <p><b>404.</b> <ins>That’s an error.</ins>
  <p>The requested URL <code>/profile/v1/user/createUser</code> was not found on this server.  <ins>That’s all we know.</ins>

22:49:01.647 [pool-1-thread-4] ERROR com.intuit.karate - classpath:examples/users/users.feature:41
Then status 201
status code was: 404, expected: 201, response time in milliseconds: 182, url: http://localhost:6969/profile/v1/user/createUser, response: 
<!DOCTYPE html>
<html lang=en>
  <meta charset=utf-8>
  <meta name=viewport content="initial-scale=1, minimum-scale=1, width=device-width">
  <title>Error 404 (Not Found)!!1</title>
  <style>
    *{margin:0;padding:0}html,code{font:15px/22px arial,sans-serif}html{background:#fff;color:#222;padding:15px}body{margin:7% auto 0;max-width:390px;min-height:180px;padding:30px 0 15px}* > body{background:url(//www.google.com/images/errors/robot.png) 100% 5px no-repeat;padding-right:205px}p{margin:11px 0 22px;overflow:hidden}ins{color:#777;text-decoration:none}a img{border:0}@media screen and (max-width:772px){body{background:none;margin-top:0;max-width:none;padding-right:0}}#logo{background:url(//www.google.com/images/branding/googlelogo/1x/googlelogo_color_150x54dp.png) no-repeat;margin-left:-5px}@media only screen and (min-resolution:192dpi){#logo{background:url(//www.google.com/images/branding/googlelogo/2x/googlelogo_color_150x54dp.png) no-repeat 0% 0%/100% 100%;-moz-border-image:url(//www.google.com/images/branding/googlelogo/2x/googlelogo_color_150x54dp.png) 0}}@media only screen and (-webkit-min-device-pixel-ratio:2){#logo{background:url(//www.google.com/images/branding/googlelogo/2x/googlelogo_color_150x54dp.png) no-repeat;-webkit-background-size:100% 100%}}#logo{display:inline-block;height:54px;width:150px}
  </style>
  <a href=//www.google.com/><span id=logo aria-label=Google></span></a>
  <p><b>404.</b> <ins>That’s an error.</ins>
  <p>The requested URL <code>/profile/v1/user/createUser</code> was not found on this server.  <ins>That’s all we know.</ins>

classpath:examples/users/users.feature:41
22:49:02.078 [pool-2-thread-1] INFO  com.intuit.karate.Suite - <<fail>> feature 1 of 1 (0 remaining) classpath:examples/users/users.feature
22:52:16.849 [main] DEBUG com.intuit.karate.Suite - [config] classpath:karate-config.js
22:52:16.853 [main] INFO  com.intuit.karate.Suite - backed up existing 'target\karate-reports' dir to: target\karate-reports_1636386736852
22:52:17.503 [pool-1-thread-3] INFO  com.intuit.karate - karate.env system property was: null 
22:52:17.503 [pool-1-thread-1] INFO  com.intuit.karate - karate.env system property was: null 
22:52:17.503 [pool-1-thread-4] INFO  com.intuit.karate - karate.env system property was: null 
22:52:17.503 [pool-1-thread-2] INFO  com.intuit.karate - karate.env system property was: null 
22:52:17.698 [pool-1-thread-3] DEBUG com.intuit.karate - request:
1 > GET http://localhost:6969/profile/v1/user/getdata
1 > Host: localhost:6969
1 > Connection: Keep-Alive
1 > User-Agent: Apache-HttpClient/4.5.13 (Java/17.0.1)
1 > Accept-Encoding: gzip,deflate


22:52:17.698 [pool-1-thread-2] DEBUG com.intuit.karate - request:
1 > DELETE http://localhost:6969/profile/v1/user/deleteuser
1 > Content-Type: application/json; charset=UTF-8
1 > Content-Length: 12
1 > Host: localhost:6969
1 > Connection: Keep-Alive
1 > User-Agent: Apache-HttpClient/4.5.13 (Java/17.0.1)
1 > Accept-Encoding: gzip,deflate
{"userId":1}

22:52:17.698 [pool-1-thread-4] DEBUG com.intuit.karate - request:
1 > PUT http://localhost:6969/profile/v1/user/updateUser
1 > Content-Type: application/json; charset=UTF-8
1 > Content-Length: 124
1 > Host: localhost:6969
1 > Connection: Keep-Alive
1 > User-Agent: Apache-HttpClient/4.5.13 (Java/17.0.1)
1 > Accept-Encoding: gzip,deflate
{"userId":1,"new_firstName":"Anunyod","new_lastName":"Kiattiyodpakdee","new_nickName":"Aong","new_phoneNumber":"0894561231"}

22:52:17.698 [pool-1-thread-1] DEBUG com.intuit.karate - request:
1 > POST http://localhost:6969/profile/v1/user/createdata
1 > Content-Type: application/json; charset=UTF-8
1 > Content-Length: 97
1 > Host: localhost:6969
1 > Connection: Keep-Alive
1 > User-Agent: Apache-HttpClient/4.5.13 (Java/17.0.1)
1 > Accept-Encoding: gzip,deflate
{"firstName":"Anunyod","lastName":"Kiattiyodpakdee","nickName":"Aong","phoneNumber":"0894561231"}

22:52:17.730 [pool-1-thread-3] DEBUG com.intuit.karate - response time in milliseconds: 31
1 < 200
1 < Content-Type: application/json
1 < Connection: close
1 < Date: Mon, 08 Nov 2021 15:52:17 GMT
1 < Transfer-Encoding: chunked
{
    "userId": 1,
    "firstName": "Anunyod",
    "lastName": "Kiattiyodpakdee",
    "nickName": "Aong",
    "phoneNumber": "0894561231"
}
22:52:17.740 [pool-1-thread-3] ERROR com.intuit.karate - classpath:examples/users/users.feature:29
And match $ == {userId:'#string',firstName:'#string',lastName:'#string',nickName:'#string',phoneNumber:'#string'}
match failed: EQUALS
  $ | not equal | match failed for name: 'userId' (MAP:MAP)
  {"userId":1,"firstName":"Anunyod","lastName":"Kiattiyodpakdee","nickName":"Aong","phoneNumber":"0894561231"}
  {"userId":"#string","firstName":"#string","lastName":"#string","nickName":"#string","phoneNumber":"#string"}

    $.userId | not a string (NUMBER:STRING)
    1
    '#string'

classpath:examples/users/users.feature:29
22:52:17.761 [pool-1-thread-1] DEBUG com.intuit.karate - response time in milliseconds: 62
1 < 201
1 < Content-Type: application/json
1 < Connection: close
1 < Date: Mon, 08 Nov 2021 15:52:17 GMT
1 < Transfer-Encoding: chunked
{
    "message": "success"
}
22:52:17.763 [pool-1-thread-2] DEBUG com.intuit.karate - response time in milliseconds: 65
1 < 201
1 < Content-Type: application/json
1 < Connection: close
1 < Date: Mon, 08 Nov 2021 15:52:17 GMT
1 < Transfer-Encoding: chunked
{
    "message": "delete success"
}
22:52:17.888 [pool-1-thread-4] DEBUG com.intuit.karate - response time in milliseconds: 190
1 < 404
1 < Content-Type: text/html; charset=UTF-8
1 < Referrer-Policy: no-referrer
1 < Content-Length: 1587
1 < Date: Mon, 08 Nov 2021 15:52:17 GMT
1 < Alt-Svc: h3=":443"; ma=2592000,h3-29=":443"; ma=2592000,h3-Q050=":443"; ma=2592000,h3-Q046=":443"; ma=2592000,h3-Q043=":443"; ma=2592000,quic=":443"; ma=2592000; v="46,43"
1 < Connection: close
<!DOCTYPE html>
<html lang=en>
  <meta charset=utf-8>
  <meta name=viewport content="initial-scale=1, minimum-scale=1, width=device-width">
  <title>Error 404 (Not Found)!!1</title>
  <style>
    *{margin:0;padding:0}html,code{font:15px/22px arial,sans-serif}html{background:#fff;color:#222;padding:15px}body{margin:7% auto 0;max-width:390px;min-height:180px;padding:30px 0 15px}* > body{background:url(//www.google.com/images/errors/robot.png) 100% 5px no-repeat;padding-right:205px}p{margin:11px 0 22px;overflow:hidden}ins{color:#777;text-decoration:none}a img{border:0}@media screen and (max-width:772px){body{background:none;margin-top:0;max-width:none;padding-right:0}}#logo{background:url(//www.google.com/images/branding/googlelogo/1x/googlelogo_color_150x54dp.png) no-repeat;margin-left:-5px}@media only screen and (min-resolution:192dpi){#logo{background:url(//www.google.com/images/branding/googlelogo/2x/googlelogo_color_150x54dp.png) no-repeat 0% 0%/100% 100%;-moz-border-image:url(//www.google.com/images/branding/googlelogo/2x/googlelogo_color_150x54dp.png) 0}}@media only screen and (-webkit-min-device-pixel-ratio:2){#logo{background:url(//www.google.com/images/branding/googlelogo/2x/googlelogo_color_150x54dp.png) no-repeat;-webkit-background-size:100% 100%}}#logo{display:inline-block;height:54px;width:150px}
  </style>
  <a href=//www.google.com/><span id=logo aria-label=Google></span></a>
  <p><b>404.</b> <ins>That’s an error.</ins>
  <p>The requested URL <code>/profile/v1/user/updateUser</code> was not found on this server.  <ins>That’s all we know.</ins>

22:52:17.889 [pool-1-thread-4] ERROR com.intuit.karate - classpath:examples/users/users.feature:41
Then status 200
status code was: 404, expected: 200, response time in milliseconds: 190, url: http://localhost:6969/profile/v1/user/updateUser, response: 
<!DOCTYPE html>
<html lang=en>
  <meta charset=utf-8>
  <meta name=viewport content="initial-scale=1, minimum-scale=1, width=device-width">
  <title>Error 404 (Not Found)!!1</title>
  <style>
    *{margin:0;padding:0}html,code{font:15px/22px arial,sans-serif}html{background:#fff;color:#222;padding:15px}body{margin:7% auto 0;max-width:390px;min-height:180px;padding:30px 0 15px}* > body{background:url(//www.google.com/images/errors/robot.png) 100% 5px no-repeat;padding-right:205px}p{margin:11px 0 22px;overflow:hidden}ins{color:#777;text-decoration:none}a img{border:0}@media screen and (max-width:772px){body{background:none;margin-top:0;max-width:none;padding-right:0}}#logo{background:url(//www.google.com/images/branding/googlelogo/1x/googlelogo_color_150x54dp.png) no-repeat;margin-left:-5px}@media only screen and (min-resolution:192dpi){#logo{background:url(//www.google.com/images/branding/googlelogo/2x/googlelogo_color_150x54dp.png) no-repeat 0% 0%/100% 100%;-moz-border-image:url(//www.google.com/images/branding/googlelogo/2x/googlelogo_color_150x54dp.png) 0}}@media only screen and (-webkit-min-device-pixel-ratio:2){#logo{background:url(//www.google.com/images/branding/googlelogo/2x/googlelogo_color_150x54dp.png) no-repeat;-webkit-background-size:100% 100%}}#logo{display:inline-block;height:54px;width:150px}
  </style>
  <a href=//www.google.com/><span id=logo aria-label=Google></span></a>
  <p><b>404.</b> <ins>That’s an error.</ins>
  <p>The requested URL <code>/profile/v1/user/updateUser</code> was not found on this server.  <ins>That’s all we know.</ins>

classpath:examples/users/users.feature:41
22:52:18.314 [pool-2-thread-1] INFO  com.intuit.karate.Suite - <<fail>> feature 1 of 1 (0 remaining) classpath:examples/users/users.feature
22:53:37.826 [main] DEBUG com.intuit.karate.Suite - [config] classpath:karate-config.js
22:53:37.829 [main] INFO  com.intuit.karate.Suite - backed up existing 'target\karate-reports' dir to: target\karate-reports_1636386817829
22:53:38.458 [pool-1-thread-3] INFO  com.intuit.karate - karate.env system property was: null 
22:53:38.458 [pool-1-thread-2] INFO  com.intuit.karate - karate.env system property was: null 
22:53:38.458 [pool-1-thread-1] INFO  com.intuit.karate - karate.env system property was: null 
22:53:38.458 [pool-1-thread-4] INFO  com.intuit.karate - karate.env system property was: null 
22:53:38.652 [pool-1-thread-3] DEBUG com.intuit.karate - request:
1 > GET http://localhost:6969/profile/v1/user/getdata
1 > Host: localhost:6969
1 > Connection: Keep-Alive
1 > User-Agent: Apache-HttpClient/4.5.13 (Java/17.0.1)
1 > Accept-Encoding: gzip,deflate


22:53:38.652 [pool-1-thread-2] DEBUG com.intuit.karate - request:
1 > DELETE http://localhost:6969/profile/v1/user/deleteuser
1 > Content-Type: application/json; charset=UTF-8
1 > Content-Length: 12
1 > Host: localhost:6969
1 > Connection: Keep-Alive
1 > User-Agent: Apache-HttpClient/4.5.13 (Java/17.0.1)
1 > Accept-Encoding: gzip,deflate
{"userId":1}

22:53:38.652 [pool-1-thread-1] DEBUG com.intuit.karate - request:
1 > POST http://localhost:6969/profile/v1/user/createdata
1 > Content-Type: application/json; charset=UTF-8
1 > Content-Length: 97
1 > Host: localhost:6969
1 > Connection: Keep-Alive
1 > User-Agent: Apache-HttpClient/4.5.13 (Java/17.0.1)
1 > Accept-Encoding: gzip,deflate
{"firstName":"Anunyod","lastName":"Kiattiyodpakdee","nickName":"Aong","phoneNumber":"0894561231"}

22:53:38.652 [pool-1-thread-4] DEBUG com.intuit.karate - request:
1 > PUT http://localhost:6969/profile/v1/user/updateUser
1 > Content-Type: application/json; charset=UTF-8
1 > Content-Length: 124
1 > Host: localhost:6969
1 > Connection: Keep-Alive
1 > User-Agent: Apache-HttpClient/4.5.13 (Java/17.0.1)
1 > Accept-Encoding: gzip,deflate
{"userId":1,"new_firstName":"Anunyod","new_lastName":"Kiattiyodpakdee","new_nickName":"Aong","new_phoneNumber":"0894561231"}

22:53:38.687 [pool-1-thread-3] DEBUG com.intuit.karate - response time in milliseconds: 33
1 < 200
1 < Content-Type: application/json
1 < Connection: close
1 < Date: Mon, 08 Nov 2021 15:53:38 GMT
1 < Transfer-Encoding: chunked
{
    "userId": 1,
    "firstName": "Anunyod",
    "lastName": "Kiattiyodpakdee",
    "nickName": "Aong",
    "phoneNumber": "0894561231"
}
22:53:38.687 [pool-1-thread-2] DEBUG com.intuit.karate - response time in milliseconds: 33
1 < 201
1 < Content-Type: application/json
1 < Connection: close
1 < Date: Mon, 08 Nov 2021 15:53:38 GMT
1 < Transfer-Encoding: chunked
{
    "message": "delete success"
}
22:53:38.687 [pool-1-thread-1] DEBUG com.intuit.karate - response time in milliseconds: 34
1 < 201
1 < Content-Type: application/json
1 < Connection: close
1 < Date: Mon, 08 Nov 2021 15:53:38 GMT
1 < Transfer-Encoding: chunked
{
    "message": "success"
}
22:53:38.777 [pool-1-thread-4] DEBUG com.intuit.karate - response time in milliseconds: 125
1 < 404
1 < Content-Type: text/html; charset=UTF-8
1 < Referrer-Policy: no-referrer
1 < Content-Length: 1587
1 < Date: Mon, 08 Nov 2021 15:53:38 GMT
1 < Alt-Svc: h3=":443"; ma=2592000,h3-29=":443"; ma=2592000,h3-Q050=":443"; ma=2592000,h3-Q046=":443"; ma=2592000,h3-Q043=":443"; ma=2592000,quic=":443"; ma=2592000; v="46,43"
1 < Connection: close
<!DOCTYPE html>
<html lang=en>
  <meta charset=utf-8>
  <meta name=viewport content="initial-scale=1, minimum-scale=1, width=device-width">
  <title>Error 404 (Not Found)!!1</title>
  <style>
    *{margin:0;padding:0}html,code{font:15px/22px arial,sans-serif}html{background:#fff;color:#222;padding:15px}body{margin:7% auto 0;max-width:390px;min-height:180px;padding:30px 0 15px}* > body{background:url(//www.google.com/images/errors/robot.png) 100% 5px no-repeat;padding-right:205px}p{margin:11px 0 22px;overflow:hidden}ins{color:#777;text-decoration:none}a img{border:0}@media screen and (max-width:772px){body{background:none;margin-top:0;max-width:none;padding-right:0}}#logo{background:url(//www.google.com/images/branding/googlelogo/1x/googlelogo_color_150x54dp.png) no-repeat;margin-left:-5px}@media only screen and (min-resolution:192dpi){#logo{background:url(//www.google.com/images/branding/googlelogo/2x/googlelogo_color_150x54dp.png) no-repeat 0% 0%/100% 100%;-moz-border-image:url(//www.google.com/images/branding/googlelogo/2x/googlelogo_color_150x54dp.png) 0}}@media only screen and (-webkit-min-device-pixel-ratio:2){#logo{background:url(//www.google.com/images/branding/googlelogo/2x/googlelogo_color_150x54dp.png) no-repeat;-webkit-background-size:100% 100%}}#logo{display:inline-block;height:54px;width:150px}
  </style>
  <a href=//www.google.com/><span id=logo aria-label=Google></span></a>
  <p><b>404.</b> <ins>That’s an error.</ins>
  <p>The requested URL <code>/profile/v1/user/updateUser</code> was not found on this server.  <ins>That’s all we know.</ins>

22:53:38.782 [pool-1-thread-4] ERROR com.intuit.karate - classpath:examples/users/users.feature:41
Then status 200
status code was: 404, expected: 200, response time in milliseconds: 125, url: http://localhost:6969/profile/v1/user/updateUser, response: 
<!DOCTYPE html>
<html lang=en>
  <meta charset=utf-8>
  <meta name=viewport content="initial-scale=1, minimum-scale=1, width=device-width">
  <title>Error 404 (Not Found)!!1</title>
  <style>
    *{margin:0;padding:0}html,code{font:15px/22px arial,sans-serif}html{background:#fff;color:#222;padding:15px}body{margin:7% auto 0;max-width:390px;min-height:180px;padding:30px 0 15px}* > body{background:url(//www.google.com/images/errors/robot.png) 100% 5px no-repeat;padding-right:205px}p{margin:11px 0 22px;overflow:hidden}ins{color:#777;text-decoration:none}a img{border:0}@media screen and (max-width:772px){body{background:none;margin-top:0;max-width:none;padding-right:0}}#logo{background:url(//www.google.com/images/branding/googlelogo/1x/googlelogo_color_150x54dp.png) no-repeat;margin-left:-5px}@media only screen and (min-resolution:192dpi){#logo{background:url(//www.google.com/images/branding/googlelogo/2x/googlelogo_color_150x54dp.png) no-repeat 0% 0%/100% 100%;-moz-border-image:url(//www.google.com/images/branding/googlelogo/2x/googlelogo_color_150x54dp.png) 0}}@media only screen and (-webkit-min-device-pixel-ratio:2){#logo{background:url(//www.google.com/images/branding/googlelogo/2x/googlelogo_color_150x54dp.png) no-repeat;-webkit-background-size:100% 100%}}#logo{display:inline-block;height:54px;width:150px}
  </style>
  <a href=//www.google.com/><span id=logo aria-label=Google></span></a>
  <p><b>404.</b> <ins>That’s an error.</ins>
  <p>The requested URL <code>/profile/v1/user/updateUser</code> was not found on this server.  <ins>That’s all we know.</ins>

classpath:examples/users/users.feature:41
22:53:39.190 [pool-2-thread-1] INFO  com.intuit.karate.Suite - <<fail>> feature 1 of 1 (0 remaining) classpath:examples/users/users.feature
22:55:59.052 [main] DEBUG com.intuit.karate.Suite - [config] classpath:karate-config.js
22:55:59.056 [main] INFO  com.intuit.karate.Suite - backed up existing 'target\karate-reports' dir to: target\karate-reports_1636386959055
22:55:59.683 [pool-1-thread-1] INFO  com.intuit.karate - karate.env system property was: null 
22:55:59.683 [pool-1-thread-2] INFO  com.intuit.karate - karate.env system property was: null 
22:55:59.683 [pool-1-thread-3] INFO  com.intuit.karate - karate.env system property was: null 
22:55:59.683 [pool-1-thread-4] INFO  com.intuit.karate - karate.env system property was: null 
22:55:59.892 [pool-1-thread-3] DEBUG com.intuit.karate - request:
1 > GET http://localhost:6969/profile/v1/user/getdata
1 > Host: localhost:6969
1 > Connection: Keep-Alive
1 > User-Agent: Apache-HttpClient/4.5.13 (Java/17.0.1)
1 > Accept-Encoding: gzip,deflate


22:55:59.892 [pool-1-thread-4] DEBUG com.intuit.karate - request:
1 > PUT http://localhost:6969/profile/v1/user/updateUser
1 > Content-Type: application/json; charset=UTF-8
1 > Content-Length: 124
1 > Host: localhost:6969
1 > Connection: Keep-Alive
1 > User-Agent: Apache-HttpClient/4.5.13 (Java/17.0.1)
1 > Accept-Encoding: gzip,deflate
{"userId":1,"new_firstName":"Anunyod","new_lastName":"Kiattiyodpakdee","new_nickName":"Aong","new_phoneNumber":"0894561232"}

22:55:59.892 [pool-1-thread-2] DEBUG com.intuit.karate - request:
1 > DELETE http://localhost:6969/profile/v1/user/deleteuser
1 > Content-Type: application/json; charset=UTF-8
1 > Content-Length: 12
1 > Host: localhost:6969
1 > Connection: Keep-Alive
1 > User-Agent: Apache-HttpClient/4.5.13 (Java/17.0.1)
1 > Accept-Encoding: gzip,deflate
{"userId":1}

22:55:59.892 [pool-1-thread-1] DEBUG com.intuit.karate - request:
1 > POST http://localhost:6969/profile/v1/user/createdata
1 > Content-Type: application/json; charset=UTF-8
1 > Content-Length: 97
1 > Host: localhost:6969
1 > Connection: Keep-Alive
1 > User-Agent: Apache-HttpClient/4.5.13 (Java/17.0.1)
1 > Accept-Encoding: gzip,deflate
{"firstName":"Anunyod","lastName":"Kiattiyodpakdee","nickName":"Aong","phoneNumber":"0894561231"}

22:55:59.913 [pool-1-thread-3] DEBUG com.intuit.karate - response time in milliseconds: 19
1 < 200
1 < Content-Type: application/json
1 < Connection: close
1 < Date: Mon, 08 Nov 2021 15:55:59 GMT
1 < Transfer-Encoding: chunked
{
    "userId": 1,
    "firstName": "Anunyod",
    "lastName": "Kiattiyodpakdee",
    "nickName": "Aong",
    "phoneNumber": "0894561231"
}
22:55:59.913 [pool-1-thread-1] DEBUG com.intuit.karate - response time in milliseconds: 19
1 < 201
1 < Content-Type: application/json
1 < Connection: close
1 < Date: Mon, 08 Nov 2021 15:55:59 GMT
1 < Transfer-Encoding: chunked
{
    "message": "success"
}
22:55:59.913 [pool-1-thread-2] DEBUG com.intuit.karate - response time in milliseconds: 21
1 < 201
1 < Content-Type: application/json
1 < Connection: close
1 < Date: Mon, 08 Nov 2021 15:55:59 GMT
1 < Transfer-Encoding: chunked
{
    "message": "delete success"
}
22:56:00.003 [pool-1-thread-4] DEBUG com.intuit.karate - response time in milliseconds: 111
1 < 404
1 < Content-Type: text/html; charset=UTF-8
1 < Referrer-Policy: no-referrer
1 < Content-Length: 1587
1 < Date: Mon, 08 Nov 2021 15:55:59 GMT
1 < Alt-Svc: h3=":443"; ma=2592000,h3-29=":443"; ma=2592000,h3-Q050=":443"; ma=2592000,h3-Q046=":443"; ma=2592000,h3-Q043=":443"; ma=2592000,quic=":443"; ma=2592000; v="46,43"
1 < Connection: close
<!DOCTYPE html>
<html lang=en>
  <meta charset=utf-8>
  <meta name=viewport content="initial-scale=1, minimum-scale=1, width=device-width">
  <title>Error 404 (Not Found)!!1</title>
  <style>
    *{margin:0;padding:0}html,code{font:15px/22px arial,sans-serif}html{background:#fff;color:#222;padding:15px}body{margin:7% auto 0;max-width:390px;min-height:180px;padding:30px 0 15px}* > body{background:url(//www.google.com/images/errors/robot.png) 100% 5px no-repeat;padding-right:205px}p{margin:11px 0 22px;overflow:hidden}ins{color:#777;text-decoration:none}a img{border:0}@media screen and (max-width:772px){body{background:none;margin-top:0;max-width:none;padding-right:0}}#logo{background:url(//www.google.com/images/branding/googlelogo/1x/googlelogo_color_150x54dp.png) no-repeat;margin-left:-5px}@media only screen and (min-resolution:192dpi){#logo{background:url(//www.google.com/images/branding/googlelogo/2x/googlelogo_color_150x54dp.png) no-repeat 0% 0%/100% 100%;-moz-border-image:url(//www.google.com/images/branding/googlelogo/2x/googlelogo_color_150x54dp.png) 0}}@media only screen and (-webkit-min-device-pixel-ratio:2){#logo{background:url(//www.google.com/images/branding/googlelogo/2x/googlelogo_color_150x54dp.png) no-repeat;-webkit-background-size:100% 100%}}#logo{display:inline-block;height:54px;width:150px}
  </style>
  <a href=//www.google.com/><span id=logo aria-label=Google></span></a>
  <p><b>404.</b> <ins>That’s an error.</ins>
  <p>The requested URL <code>/profile/v1/user/updateUser</code> was not found on this server.  <ins>That’s all we know.</ins>

22:56:00.006 [pool-1-thread-4] ERROR com.intuit.karate - classpath:examples/users/users.feature:41
Then status 200
status code was: 404, expected: 200, response time in milliseconds: 111, url: http://localhost:6969/profile/v1/user/updateUser, response: 
<!DOCTYPE html>
<html lang=en>
  <meta charset=utf-8>
  <meta name=viewport content="initial-scale=1, minimum-scale=1, width=device-width">
  <title>Error 404 (Not Found)!!1</title>
  <style>
    *{margin:0;padding:0}html,code{font:15px/22px arial,sans-serif}html{background:#fff;color:#222;padding:15px}body{margin:7% auto 0;max-width:390px;min-height:180px;padding:30px 0 15px}* > body{background:url(//www.google.com/images/errors/robot.png) 100% 5px no-repeat;padding-right:205px}p{margin:11px 0 22px;overflow:hidden}ins{color:#777;text-decoration:none}a img{border:0}@media screen and (max-width:772px){body{background:none;margin-top:0;max-width:none;padding-right:0}}#logo{background:url(//www.google.com/images/branding/googlelogo/1x/googlelogo_color_150x54dp.png) no-repeat;margin-left:-5px}@media only screen and (min-resolution:192dpi){#logo{background:url(//www.google.com/images/branding/googlelogo/2x/googlelogo_color_150x54dp.png) no-repeat 0% 0%/100% 100%;-moz-border-image:url(//www.google.com/images/branding/googlelogo/2x/googlelogo_color_150x54dp.png) 0}}@media only screen and (-webkit-min-device-pixel-ratio:2){#logo{background:url(//www.google.com/images/branding/googlelogo/2x/googlelogo_color_150x54dp.png) no-repeat;-webkit-background-size:100% 100%}}#logo{display:inline-block;height:54px;width:150px}
  </style>
  <a href=//www.google.com/><span id=logo aria-label=Google></span></a>
  <p><b>404.</b> <ins>That’s an error.</ins>
  <p>The requested URL <code>/profile/v1/user/updateUser</code> was not found on this server.  <ins>That’s all we know.</ins>

classpath:examples/users/users.feature:41
22:56:00.440 [pool-2-thread-1] INFO  com.intuit.karate.Suite - <<fail>> feature 1 of 1 (0 remaining) classpath:examples/users/users.feature
22:56:25.763 [main] DEBUG com.intuit.karate.Suite - [config] classpath:karate-config.js
22:56:25.766 [main] INFO  com.intuit.karate.Suite - backed up existing 'target\karate-reports' dir to: target\karate-reports_1636386985765
22:56:26.400 [pool-1-thread-2] INFO  com.intuit.karate - karate.env system property was: null 
22:56:26.400 [pool-1-thread-4] INFO  com.intuit.karate - karate.env system property was: null 
22:56:26.400 [pool-1-thread-3] INFO  com.intuit.karate - karate.env system property was: null 
22:56:26.400 [pool-1-thread-1] INFO  com.intuit.karate - karate.env system property was: null 
22:56:26.600 [pool-1-thread-3] DEBUG com.intuit.karate - request:
1 > GET http://localhost:6969/profile/v1/user/getdata
1 > Host: localhost:6969
1 > Connection: Keep-Alive
1 > User-Agent: Apache-HttpClient/4.5.13 (Java/17.0.1)
1 > Accept-Encoding: gzip,deflate


22:56:26.601 [pool-1-thread-2] DEBUG com.intuit.karate - request:
1 > DELETE http://localhost:6969/profile/v1/user/deleteuser
1 > Content-Type: application/json; charset=UTF-8
1 > Content-Length: 12
1 > Host: localhost:6969
1 > Connection: Keep-Alive
1 > User-Agent: Apache-HttpClient/4.5.13 (Java/17.0.1)
1 > Accept-Encoding: gzip,deflate
{"userId":1}

22:56:26.601 [pool-1-thread-1] DEBUG com.intuit.karate - request:
1 > POST http://localhost:6969/profile/v1/user/createdata
1 > Content-Type: application/json; charset=UTF-8
1 > Content-Length: 97
1 > Host: localhost:6969
1 > Connection: Keep-Alive
1 > User-Agent: Apache-HttpClient/4.5.13 (Java/17.0.1)
1 > Accept-Encoding: gzip,deflate
{"firstName":"Anunyod","lastName":"Kiattiyodpakdee","nickName":"Aong","phoneNumber":"0894561231"}

22:56:26.601 [pool-1-thread-4] DEBUG com.intuit.karate - request:
1 > PUT http://localhost:6969/profile/v1/user/updateUser
1 > Content-Type: application/json; charset=UTF-8
1 > Content-Length: 127
1 > Host: localhost:6969
1 > Connection: Keep-Alive
1 > User-Agent: Apache-HttpClient/4.5.13 (Java/17.0.1)
1 > Accept-Encoding: gzip,deflate
{"userId":1,"new_firstName":"Anunyod2","new_lastName":"Kiattiyodpakdee2","new_nickName":"Aong2","new_phoneNumber":"0894561232"}

22:56:26.630 [pool-1-thread-3] DEBUG com.intuit.karate - response time in milliseconds: 28
1 < 200
1 < Content-Type: application/json
1 < Connection: close
1 < Date: Mon, 08 Nov 2021 15:56:26 GMT
1 < Transfer-Encoding: chunked
{
    "userId": 1,
    "firstName": "Anunyod",
    "lastName": "Kiattiyodpakdee",
    "nickName": "Aong",
    "phoneNumber": "0894561231"
}
22:56:26.630 [pool-1-thread-4] DEBUG com.intuit.karate - response time in milliseconds: 28
1 < 200
1 < Content-Type: application/json
1 < Connection: close
1 < Date: Mon, 08 Nov 2021 15:56:26 GMT
1 < Transfer-Encoding: chunked
{
    "message": "update success"
}
22:56:26.631 [pool-1-thread-1] DEBUG com.intuit.karate - response time in milliseconds: 30
1 < 201
1 < Content-Type: application/json
1 < Connection: close
1 < Date: Mon, 08 Nov 2021 15:56:26 GMT
1 < Transfer-Encoding: chunked
{
    "message": "success"
}
22:56:26.634 [pool-1-thread-2] DEBUG com.intuit.karate - response time in milliseconds: 33
1 < 201
1 < Content-Type: application/json
1 < Connection: close
1 < Date: Mon, 08 Nov 2021 15:56:26 GMT
1 < Transfer-Encoding: chunked
{
    "message": "delete success"
}
22:56:27.057 [pool-2-thread-1] INFO  com.intuit.karate.Suite - <<pass>> feature 1 of 1 (0 remaining) classpath:examples/users/users.feature
